<?xml version="1.0" encoding="UTF-8"?>
<testng-results skipped="0" failed="0" total="1" passed="1">
  <reporter-output>
  </reporter-output>
  <suite name="A" duration-ms="16262" started-at="2014-11-06T07:56:53Z" finished-at="2014-11-06T07:57:09Z">
    <groups>
    </groups>
    <test name="B" duration-ms="16262" started-at="2014-11-06T07:56:53Z" finished-at="2014-11-06T07:57:09Z">
      <class name="com.company.classes.Google">
        <test-method status="PASS" signature="beforeMethod()[pri:0, instance:com.company.classes.Google@2dafae45]" name="beforeMethod" is-config="true" duration-ms="7626" started-at="2014-11-06T13:26:53Z" finished-at="2014-11-06T13:27:01Z">
          <reporter-output>
          </reporter-output>
        </test-method> <!-- beforeMethod -->
        <test-method status="PASS" signature="verifyLink()[pri:0, instance:com.company.classes.Google@2dafae45]" name="verifyLink" duration-ms="8129" started-at="2014-11-06T13:27:01Z" finished-at="2014-11-06T13:27:09Z">
          <reporter-output>
          </reporter-output>
        </test-method> <!-- verifyLink -->
        <test-method status="PASS" signature="afterMethod()[pri:0, instance:com.company.classes.Google@2dafae45]" name="afterMethod" is-config="true" duration-ms="487" started-at="2014-11-06T13:27:09Z" finished-at="2014-11-06T13:27:09Z">
          <reporter-output>
          </reporter-output>
        </test-method> <!-- afterMethod -->
      </class> <!-- com.company.classes.Google -->
    </test> <!-- B -->
  </suite> <!-- A -->
</testng-results>
